today is 20210923
#####################################################


test_generate_quad_index_html.py
cp -f test_generate_quad_index_html.py /var/www/html/
cd /var/www/html/
time python3 test_generate_quad_index_html.py start 2021_09_23_15_45_43
time python3 test_generate_quad_index_html.py stop 2021_09_23_15_45_46, cost time is 3

test_generate_peach_index_html.py
cp -f test_generate_peach_index_html.py /var/www/html/
cd /var/www/html/
time python3 test_generate_peach_index_html.py start 2021_09_23_15_45_46
time python3 test_generate_peach_index_html.py stop 2021_09_23_15_45_46, cost time is 0

test_generate_cuptea_index_html.py
cp -f test_generate_cuptea_index_html.py /var/www/html/
cd /var/www/html/
time python3 test_generate_cuptea_index_html.py start 2021_09_23_15_45_46
time python3 test_generate_cuptea_index_html.py stop 2021_09_23_15_45_46, cost time is 0

test_generate_duckhead_index_html.py
cp -f test_generate_duckhead_index_html.py /var/www/html/
cd /var/www/html/
time python3 test_generate_duckhead_index_html.py start 2021_09_23_15_45_46
time python3 test_generate_duckhead_index_html.py stop 2021_09_23_15_45_46, cost time is 0

test_generate_cross3line_index_html.py
cp -f test_generate_cross3line_index_html.py /var/www/html/
cd /var/www/html/
time python3 test_generate_cross3line_index_html.py start 2021_09_23_15_45_46
time python3 test_generate_cross3line_index_html.py stop 2021_09_23_15_45_47, cost time is 1

test_generate_5days_index_html.py
cp -f test_generate_5days_index_html.py /var/www/html/
cd /var/www/html/
time python3 test_generate_5days_index_html.py start 2021_09_23_15_45_47
time python3 test_generate_5days_index_html.py stop 2021_09_23_15_45_47, cost time is 0

test_generate_basic_html.py
cp -f test_generate_basic_html.py /var/www/html/
cd /var/www/html/
time python3 test_generate_basic_html.py start 2021_09_23_15_45_47
time python3 test_generate_basic_html.py stop 2021_09_23_15_45_47, cost time is 0

test_generate_macd_index_html.py
cp -f test_generate_macd_index_html.py /var/www/html/
cd /var/www/html/
time python3 test_generate_macd_index_html.py start 2021_09_23_15_45_47
time python3 test_generate_macd_index_html.py stop 2021_09_23_15_45_47, cost time is 0

test_generate_zig_index_html.py
cp -f test_generate_zig_index_html.py /var/www/html/
cd /var/www/html/
time python3 test_generate_zig_index_html.py start 2021_09_23_15_45_47
time python3 test_generate_zig_index_html.py stop 2021_09_23_15_45_47, cost time is 0

test_generate_zlje_index_html.py
cp -f test_generate_zlje_index_html.py /var/www/html/
cd /var/www/html/
time python3 test_generate_zlje_index_html.py start 2021_09_23_15_45_47
time python3 test_generate_zlje_index_html.py stop 2021_09_23_15_45_47, cost time is 0

test_generate_dragon_index_html.py
cp -f test_generate_dragon_index_html.py /var/www/html/
cd /var/www/html/
time python3 test_generate_dragon_index_html.py start 2021_09_23_15_45_47
time python3 test_generate_dragon_index_html.py stop 2021_09_23_15_45_47, cost time is 0

test_generate_index_html.py
cp -f test_generate_index_html.py /var/www/html/
cd /var/www/html/
time python3 test_generate_index_html.py start 2021_09_23_15_45_47
time python3 test_generate_index_html.py stop 2021_09_23_15_45_47, cost time is 0
#####################################################
today is 20210923
#####################################################


test_generate_quad_index_html.py
cp -f test_generate_quad_index_html.py /var/www/html/
cd /var/www/html/
time python3 test_generate_quad_index_html.py start 2021_09_23_15_51_24
time python3 test_generate_quad_index_html.py stop 2021_09_23_15_51_24, cost time is 0

test_generate_peach_index_html.py
cp -f test_generate_peach_index_html.py /var/www/html/
cd /var/www/html/
time python3 test_generate_peach_index_html.py start 2021_09_23_15_51_24
time python3 test_generate_peach_index_html.py stop 2021_09_23_15_51_25, cost time is 1

test_generate_cuptea_index_html.py
cp -f test_generate_cuptea_index_html.py /var/www/html/
cd /var/www/html/
time python3 test_generate_cuptea_index_html.py start 2021_09_23_15_51_25
time python3 test_generate_cuptea_index_html.py stop 2021_09_23_15_51_25, cost time is 0

test_generate_duckhead_index_html.py
cp -f test_generate_duckhead_index_html.py /var/www/html/
cd /var/www/html/
time python3 test_generate_duckhead_index_html.py start 2021_09_23_15_51_25
time python3 test_generate_duckhead_index_html.py stop 2021_09_23_15_51_25, cost time is 0

test_generate_cross3line_index_html.py
cp -f test_generate_cross3line_index_html.py /var/www/html/
cd /var/www/html/
time python3 test_generate_cross3line_index_html.py start 2021_09_23_15_51_25
time python3 test_generate_cross3line_index_html.py stop 2021_09_23_15_51_25, cost time is 0

test_generate_5days_index_html.py
cp -f test_generate_5days_index_html.py /var/www/html/
cd /var/www/html/
time python3 test_generate_5days_index_html.py start 2021_09_23_15_51_25
time python3 test_generate_5days_index_html.py stop 2021_09_23_15_51_25, cost time is 0

test_generate_basic_html.py
cp -f test_generate_basic_html.py /var/www/html/
cd /var/www/html/
time python3 test_generate_basic_html.py start 2021_09_23_15_51_25
time python3 test_generate_basic_html.py stop 2021_09_23_15_51_25, cost time is 0

test_generate_macd_index_html.py
cp -f test_generate_macd_index_html.py /var/www/html/
cd /var/www/html/
time python3 test_generate_macd_index_html.py start 2021_09_23_15_51_25
time python3 test_generate_macd_index_html.py stop 2021_09_23_15_51_25, cost time is 0

test_generate_zig_index_html.py
cp -f test_generate_zig_index_html.py /var/www/html/
cd /var/www/html/
time python3 test_generate_zig_index_html.py start 2021_09_23_15_51_25
time python3 test_generate_zig_index_html.py stop 2021_09_23_15_51_25, cost time is 0

test_generate_zlje_index_html.py
cp -f test_generate_zlje_index_html.py /var/www/html/
cd /var/www/html/
time python3 test_generate_zlje_index_html.py start 2021_09_23_15_51_25
time python3 test_generate_zlje_index_html.py stop 2021_09_23_15_51_25, cost time is 0

test_generate_dragon_index_html.py
cp -f test_generate_dragon_index_html.py /var/www/html/
cd /var/www/html/
time python3 test_generate_dragon_index_html.py start 2021_09_23_15_51_25
time python3 test_generate_dragon_index_html.py stop 2021_09_23_15_51_25, cost time is 0

test_generate_holder_index_html.py
cp -f test_generate_holder_index_html.py /var/www/html/
cd /var/www/html/
time python3 test_generate_holder_index_html.py start 2021_09_23_15_51_25
time python3 test_generate_holder_index_html.py stop 2021_09_23_15_51_26, cost time is 1

test_generate_index_html.py
cp -f test_generate_index_html.py /var/www/html/
cd /var/www/html/
time python3 test_generate_index_html.py start 2021_09_23_15_51_26
time python3 test_generate_index_html.py stop 2021_09_23_15_51_26, cost time is 0
#####################################################
